This is pdfTeX, Version 3.1415926-2.5-1.40.14 (MiKTeX 2.9) (preloaded format=pdflatex 2015.4.17)  9 JAN 2016 16:13
entering extended mode
**mcode_demo.tex
(D:\Ponts\2A\TIVA\Projet\mcode\mcode_demo.tex
LaTeX2e <2011/06/27>
Babel <v3.8m> and hyphenation patterns for english, afrikaans, ancientgreek, ar
abic, armenian, assamese, basque, bengali, bokmal, bulgarian, catalan, coptic, 
croatian, czech, danish, dutch, esperanto, estonian, farsi, finnish, french, ga
lician, german, german-x-2013-05-26, greek, gujarati, hindi, hungarian, iceland
ic, indonesian, interlingua, irish, italian, kannada, kurmanji, latin, latvian,
 lithuanian, malayalam, marathi, mongolian, mongolianlmc, monogreek, ngerman, n
german-x-2013-05-26, nynorsk, oriya, panjabi, pinyin, polish, portuguese, roman
ian, russian, sanskrit, serbian, slovak, slovenian, spanish, swedish, swissgerm
an, tamil, telugu, turkish, turkmen, ukenglish, ukrainian, uppersorbian, usengl
ishmax, welsh, loaded.
("C:\Program Files (x86)\MiKTeX 2.9\tex\latex\base\article.cls"
Document Class: article 2007/10/19 v1.4h Standard LaTeX document class
("C:\Program Files (x86)\MiKTeX 2.9\tex\latex\base\size10.clo"
File: size10.clo 2007/10/19 v1.4h Standard LaTeX file (size option)
)
\c@part=\count79
\c@section=\count80
\c@subsection=\count81
\c@subsubsection=\count82
\c@paragraph=\count83
\c@subparagraph=\count84
\c@figure=\count85
\c@table=\count86
\abovecaptionskip=\skip41
\belowcaptionskip=\skip42
\bibindent=\dimen102
)
(D:\Ponts\2A\TIVA\Projet\mcode\mcode.sty
-- Package: `mcode' 2.3 <2012/08/31> --
Package: mcode 2012/08/31 2.3
 - settings optimized for display (colour formating)
 - line numbering enabled
 - literate programming (character replacements) enabled
 - automatic line breaking enabled (careful, buggy!)
 - framed listings
("C:\Program Files (x86)\MiKTeX 2.9\tex\latex\xcolor\xcolor.sty"
Package: xcolor 2007/01/21 v2.11 LaTeX color extensions (UK)

("C:\Program Files (x86)\MiKTeX 2.9\tex\latex\00miktex\color.cfg"
File: color.cfg 2007/01/18 v1.5 color configuration of teTeX/TeXLive
)
Package xcolor Info: Driver file: pdftex.def on input line 225.

("C:\Program Files (x86)\MiKTeX 2.9\tex\latex\pdftex-def\pdftex.def"
File: pdftex.def 2011/05/27 v0.06d Graphics/color for pdfTeX

("C:\Program Files (x86)\MiKTeX 2.9\tex\generic\oberdiek\infwarerr.sty"
Package: infwarerr 2010/04/08 v1.3 Providing info/warning/error messages (HO)
)
("C:\Program Files (x86)\MiKTeX 2.9\tex\generic\oberdiek\ltxcmds.sty"
Package: ltxcmds 2011/11/09 v1.22 LaTeX kernel commands for general use (HO)
)
\Gread@gobject=\count87
)
Package xcolor Info: Model `cmy' substituted by `cmy0' on input line 1337.
Package xcolor Info: Model `hsb' substituted by `rgb' on input line 1341.
Package xcolor Info: Model `RGB' extended on input line 1353.
Package xcolor Info: Model `HTML' substituted by `rgb' on input line 1355.
Package xcolor Info: Model `Hsb' substituted by `hsb' on input line 1356.
Package xcolor Info: Model `tHsb' substituted by `hsb' on input line 1357.
Package xcolor Info: Model `HSB' substituted by `hsb' on input line 1358.
Package xcolor Info: Model `Gray' substituted by `gray' on input line 1359.
Package xcolor Info: Model `wave' substituted by `hsb' on input line 1360.
)
("C:\Program Files (x86)\MiKTeX 2.9\tex\latex\listings\listings.sty"
("C:\Program Files (x86)\MiKTeX 2.9\tex\latex\graphics\keyval.sty"
Package: keyval 1999/03/16 v1.13 key=value parser (DPC)
\KV@toks@=\toks14
)
\lst@mode=\count88
\lst@gtempboxa=\box26
\lst@token=\toks15
\lst@length=\count89
\lst@currlwidth=\dimen103
\lst@column=\count90
\lst@pos=\count91
\lst@lostspace=\dimen104
\lst@width=\dimen105
\lst@newlines=\count92
\lst@lineno=\count93
\lst@maxwidth=\dimen106

("C:\Program Files (x86)\MiKTeX 2.9\tex\latex\listings\lstmisc.sty"
File: lstmisc.sty 2014/09/06 1.5e (Carsten Heinz)
\c@lstnumber=\count94
\lst@skipnumbers=\count95
\lst@framebox=\box27
)
("C:\Program Files (x86)\MiKTeX 2.9\tex\latex\listings\listings.cfg"
File: listings.cfg 2014/09/06 1.5e listings configuration
))
Package: listings 2014/09/06 1.5e (Carsten Heinz)

("C:\Program Files (x86)\MiKTeX 2.9\tex\latex\base\textcomp.sty"
Package: textcomp 2005/09/27 v1.99g Standard LaTeX package
Package textcomp Info: Sub-encoding information:
(textcomp)               5 = only ISO-Adobe without \textcurrency
(textcomp)               4 = 5 + \texteuro
(textcomp)               3 = 4 + \textohm
(textcomp)               2 = 3 + \textestimated + \textcurrency
(textcomp)               1 = TS1 - \textcircled - \t
(textcomp)               0 = TS1 (full)
(textcomp)             Font families with sub-encoding setting implement
(textcomp)             only a restricted character set as indicated.
(textcomp)             Family '?' is the default used for unknown fonts.
(textcomp)             See the documentation for details.
Package textcomp Info: Setting ? sub-encoding to TS1/1 on input line 71.

("C:\Program Files (x86)\MiKTeX 2.9\tex\latex\base\ts1enc.def"
File: ts1enc.def 2001/06/05 v3.0e (jk/car/fm) Standard LaTeX file
)
LaTeX Info: Redefining \oldstylenums on input line 266.
Package textcomp Info: Setting cmr sub-encoding to TS1/0 on input line 281.
Package textcomp Info: Setting cmss sub-encoding to TS1/0 on input line 282.
Package textcomp Info: Setting cmtt sub-encoding to TS1/0 on input line 283.
Package textcomp Info: Setting cmvtt sub-encoding to TS1/0 on input line 284.
Package textcomp Info: Setting cmbr sub-encoding to TS1/0 on input line 285.
Package textcomp Info: Setting cmtl sub-encoding to TS1/0 on input line 286.
Package textcomp Info: Setting ccr sub-encoding to TS1/0 on input line 287.
Package textcomp Info: Setting ptm sub-encoding to TS1/4 on input line 288.
Package textcomp Info: Setting pcr sub-encoding to TS1/4 on input line 289.
Package textcomp Info: Setting phv sub-encoding to TS1/4 on input line 290.
Package textcomp Info: Setting ppl sub-encoding to TS1/3 on input line 291.
Package textcomp Info: Setting pag sub-encoding to TS1/4 on input line 292.
Package textcomp Info: Setting pbk sub-encoding to TS1/4 on input line 293.
Package textcomp Info: Setting pnc sub-encoding to TS1/4 on input line 294.
Package textcomp Info: Setting pzc sub-encoding to TS1/4 on input line 295.
Package textcomp Info: Setting bch sub-encoding to TS1/4 on input line 296.
Package textcomp Info: Setting put sub-encoding to TS1/5 on input line 297.
Package textcomp Info: Setting uag sub-encoding to TS1/5 on input line 298.
Package textcomp Info: Setting ugq sub-encoding to TS1/5 on input line 299.
Package textcomp Info: Setting ul8 sub-encoding to TS1/4 on input line 300.
Package textcomp Info: Setting ul9 sub-encoding to TS1/4 on input line 301.
Package textcomp Info: Setting augie sub-encoding to TS1/5 on input line 302.
Package textcomp Info: Setting dayrom sub-encoding to TS1/3 on input line 303.
Package textcomp Info: Setting dayroms sub-encoding to TS1/3 on input line 304.

Package textcomp Info: Setting pxr sub-encoding to TS1/0 on input line 305.
Package textcomp Info: Setting pxss sub-encoding to TS1/0 on input line 306.
Package textcomp Info: Setting pxtt sub-encoding to TS1/0 on input line 307.
Package textcomp Info: Setting txr sub-encoding to TS1/0 on input line 308.
Package textcomp Info: Setting txss sub-encoding to TS1/0 on input line 309.
Package textcomp Info: Setting txtt sub-encoding to TS1/0 on input line 310.
Package textcomp Info: Setting lmr sub-encoding to TS1/0 on input line 311.
Package textcomp Info: Setting lmdh sub-encoding to TS1/0 on input line 312.
Package textcomp Info: Setting lmss sub-encoding to TS1/0 on input line 313.
Package textcomp Info: Setting lmssq sub-encoding to TS1/0 on input line 314.
Package textcomp Info: Setting lmvtt sub-encoding to TS1/0 on input line 315.
Package textcomp Info: Setting qhv sub-encoding to TS1/0 on input line 316.
Package textcomp Info: Setting qag sub-encoding to TS1/0 on input line 317.
Package textcomp Info: Setting qbk sub-encoding to TS1/0 on input line 318.
Package textcomp Info: Setting qcr sub-encoding to TS1/0 on input line 319.
Package textcomp Info: Setting qcs sub-encoding to TS1/0 on input line 320.
Package textcomp Info: Setting qpl sub-encoding to TS1/0 on input line 321.
Package textcomp Info: Setting qtm sub-encoding to TS1/0 on input line 322.
Package textcomp Info: Setting qzc sub-encoding to TS1/0 on input line 323.
Package textcomp Info: Setting qhvc sub-encoding to TS1/0 on input line 324.
Package textcomp Info: Setting futs sub-encoding to TS1/4 on input line 325.
Package textcomp Info: Setting futx sub-encoding to TS1/4 on input line 326.
Package textcomp Info: Setting futj sub-encoding to TS1/4 on input line 327.
Package textcomp Info: Setting hlh sub-encoding to TS1/3 on input line 328.
Package textcomp Info: Setting hls sub-encoding to TS1/3 on input line 329.
Package textcomp Info: Setting hlst sub-encoding to TS1/3 on input line 330.
Package textcomp Info: Setting hlct sub-encoding to TS1/5 on input line 331.
Package textcomp Info: Setting hlx sub-encoding to TS1/5 on input line 332.
Package textcomp Info: Setting hlce sub-encoding to TS1/5 on input line 333.
Package textcomp Info: Setting hlcn sub-encoding to TS1/5 on input line 334.
Package textcomp Info: Setting hlcw sub-encoding to TS1/5 on input line 335.
Package textcomp Info: Setting hlcf sub-encoding to TS1/5 on input line 336.
Package textcomp Info: Setting pplx sub-encoding to TS1/3 on input line 337.
Package textcomp Info: Setting pplj sub-encoding to TS1/3 on input line 338.
Package textcomp Info: Setting ptmx sub-encoding to TS1/4 on input line 339.
Package textcomp Info: Setting ptmj sub-encoding to TS1/4 on input line 340.
)
\lbreakdots=\box28
LaTeX Font Info:    Try loading font information for OT1+pcr on input line 220.


("C:\Program Files (x86)\MiKTeX 2.9\tex\latex\psnfss\ot1pcr.fd"
File: ot1pcr.fd 2001/06/04 font definitions for OT1/pcr.
))
(D:\Ponts\2A\TIVA\Projet\mcode\mcode_demo.aux)
LaTeX Font Info:    Checking defaults for OML/cmm/m/it on input line 15.
LaTeX Font Info:    ... okay on input line 15.
LaTeX Font Info:    Checking defaults for T1/cmr/m/n on input line 15.
LaTeX Font Info:    ... okay on input line 15.
LaTeX Font Info:    Checking defaults for OT1/cmr/m/n on input line 15.
LaTeX Font Info:    ... okay on input line 15.
LaTeX Font Info:    Checking defaults for OMS/cmsy/m/n on input line 15.
LaTeX Font Info:    ... okay on input line 15.
LaTeX Font Info:    Checking defaults for OMX/cmex/m/n on input line 15.
LaTeX Font Info:    ... okay on input line 15.
LaTeX Font Info:    Checking defaults for U/cmr/m/n on input line 15.
LaTeX Font Info:    ... okay on input line 15.
LaTeX Font Info:    Checking defaults for TS1/cmr/m/n on input line 15.
LaTeX Font Info:    Try loading font information for TS1+cmr on input line 15.

("C:\Program Files (x86)\MiKTeX 2.9\tex\latex\base\ts1cmr.fd"
File: ts1cmr.fd 1999/05/25 v2.5h Standard LaTeX font definitions
)
LaTeX Font Info:    ... okay on input line 15.

("C:\Program Files (x86)\MiKTeX 2.9\tex\context\base\supp-pdf.mkii"
[Loading MPS to PDF converter (version 2006.09.02).]
\scratchcounter=\count96
\scratchdimen=\dimen107
\scratchbox=\box29
\nofMPsegments=\count97
\nofMParguments=\count98
\everyMPshowfont=\toks16
\MPscratchCnt=\count99
\MPscratchDim=\dimen108
\MPnumerator=\count100
\makeMPintoPDFobject=\count101
\everyMPtoPDFconversion=\toks17
)
\c@lstlisting=\count102
LaTeX Font Info:    External font `cmex10' loaded for size
(Font)              <12> on input line 17.
LaTeX Font Info:    External font `cmex10' loaded for size
(Font)              <8> on input line 17.
LaTeX Font Info:    External font `cmex10' loaded for size
(Font)              <6> on input line 17.
LaTeX Font Info:    External font `cmex10' loaded for size
(Font)              <7> on input line 25.
LaTeX Font Info:    External font `cmex10' loaded for size
(Font)              <5> on input line 25.
LaTeX Font Info:    Try loading font information for TS1+pcr on input line 31.
 ("C:\Program Files (x86)\MiKTeX 2.9\tex\latex\psnfss\ts1pcr.fd"
File: ts1pcr.fd 2001/06/04 font definitions for TS1/pcr.
) [1

{C:/ProgramData/MiKTeX/2.9/pdftex/config/pdftex.map}]
Overfull \hbox (4.1379pt too wide) in paragraph at lines 45--46
\OT1/cmr/m/n/10 Note: Here, the pack-age was loaded with the []\OT1/cmtt/m/n/10
 framed\OT1/cmr/m/n/10 , []\OT1/cmtt/m/n/10 numbered\OT1/cmr/m/n/10 , []\OT1/cm
tt/m/n/10 autolinebreaks
 []

[2] (D:\Ponts\2A\TIVA\Projet\mcode\mcode_demo.aux) ) 
Here is how much of TeX's memory you used:
 3250 strings out of 493921
 44722 string characters out of 3144876
 118155 words of memory out of 3000000
 6552 multiletter control sequences out of 15000+200000
 10353 words of font info for 39 fonts, out of 3000000 for 9000
 841 hyphenation exceptions out of 8191
 33i,6n,42p,426b,1269s stack positions out of 5000i,500n,10000p,200000b,50000s
{C:/Program Files (x86)/MiK
TeX 2.9/fonts/enc/dvips/fontname/8r.enc}<C:/Program Files (x86)/MiKTeX 2.9/font
s/type1/public/amsfonts/cm/cmbx10.pfb><C:/Program Files (x86)/MiKTeX 2.9/fonts/
type1/public/amsfonts/cm/cmcsc10.pfb><C:/Program Files (x86)/MiKTeX 2.9/fonts/t
ype1/public/amsfonts/cm/cmmi8.pfb><C:/Program Files (x86)/MiKTeX 2.9/fonts/type
1/public/amsfonts/cm/cmr10.pfb><C:/Program Files (x86)/MiKTeX 2.9/fonts/type1/p
ublic/amsfonts/cm/cmr12.pfb><C:/Program Files (x86)/MiKTeX 2.9/fonts/type1/publ
ic/amsfonts/cm/cmr17.pfb><C:/Program Files (x86)/MiKTeX 2.9/fonts/type1/public/
amsfonts/cm/cmr5.pfb><C:/Program Files (x86)/MiKTeX 2.9/fonts/type1/public/amsf
onts/cm/cmr6.pfb><C:/Program Files (x86)/MiKTeX 2.9/fonts/type1/public/amsfonts
/cm/cmr7.pfb><C:/Program Files (x86)/MiKTeX 2.9/fonts/type1/public/amsfonts/cm/
cmsy5.pfb><C:/Program Files (x86)/MiKTeX 2.9/fonts/type1/public/amsfonts/cm/cms
y8.pfb><C:/Program Files (x86)/MiKTeX 2.9/fonts/type1/public/amsfonts/cm/cmtt10
.pfb><C:/Program Files (x86)/MiKTeX 2.9/fonts/type1/public/amsfonts/cm/cmtt12.p
fb><C:/Program Files (x86)/MiKTeX 2.9/fonts/type1/urw/courier/ucrr8a.pfb>
Output written on mcode_demo.pdf (2 pages, 149296 bytes).
PDF statistics:
 66 PDF objects out of 1000 (max. 8388607)
 0 named destinations out of 1000 (max. 500000)
 1 words of extra memory for PDF output out of 10000 (max. 10000000)

